TN:
SF:D:\Puppy Adoption\Puppy-Node\src\config.ts
FNF:0
FNH:0
DA:1,0
DA:2,0
DA:3,0
DA:5,0
DA:6,0
DA:8,0
DA:9,0
DA:10,0
DA:12,0
DA:13,0
DA:14,0
LF:11
LH:0
BRDA:5,0,0,0
BRDA:5,0,1,0
BRF:2
BRH:0
end_of_record
TN:
SF:D:\Puppy Adoption\Puppy-Node\src\server.ts
FN:4,(anonymous_0)
FNF:1
FNH:0
FNDA:0,(anonymous_0)
DA:4,0
DA:5,0
LF:2
LH:0
BRF:0
BRH:0
end_of_record
TN:
SF:D:\Puppy Adoption\Puppy-Node\src\interfaces\puppy.interface.ts
FNF:0
FNH:0
LF:0
LH:0
BRF:0
BRH:0
end_of_record
TN:
SF:D:\Puppy Adoption\Puppy-Node\src\models\index.ts
FNF:0
FNH:0
DA:1,1
DA:2,1
DA:4,1
DA:5,1
DA:8,1
DA:10,1
DA:17,1
DA:22,1
DA:24,1
LF:9
LH:9
BRDA:4,0,0,1
BRDA:4,0,1,1
BRF:2
BRH:2
end_of_record
TN:
SF:D:\Puppy Adoption\Puppy-Node\src\models\puppy.model.ts
FN:8,(anonymous_1)
FNF:1
FNH:1
FNDA:1,(anonymous_1)
DA:1,1
DA:8,1
DA:10,1
DA:37,1
DA:43,1
LF:5
LH:5
BRF:0
BRH:0
end_of_record
TN:
SF:D:\Puppy Adoption\Puppy-Node\src\routes\puppy.route.ts
FN:19,(anonymous_0)
FN:25,(anonymous_1)
FN:31,(anonymous_2)
FN:37,(anonymous_3)
FNF:4
FNH:0
FNDA:0,(anonymous_0)
FNDA:0,(anonymous_1)
FNDA:0,(anonymous_2)
FNDA:0,(anonymous_3)
DA:4,0
DA:19,0
DA:20,0
DA:21,0
DA:22,0
DA:25,0
DA:26,0
DA:27,0
DA:28,0
DA:31,0
DA:32,0
DA:33,0
DA:34,0
DA:37,0
DA:38,0
DA:39,0
DA:40,0
LF:17
LH:0
BRDA:21,0,0,0
BRDA:21,0,1,0
BRDA:27,1,0,0
BRDA:27,1,1,0
BRDA:33,2,0,0
BRDA:33,2,1,0
BRDA:39,3,0,0
BRDA:39,3,1,0
BRF:8
BRH:0
end_of_record
TN:
SF:D:\Puppy Adoption\Puppy-Node\src\services\puppy.service.ts
FN:5,(anonymous_13)
FN:5,(anonymous_14)
FN:15,(anonymous_16)
FN:24,(anonymous_19)
FN:24,(anonymous_20)
FN:35,(anonymous_22)
FN:35,(anonymous_23)
FNF:7
FNH:7
FNDA:2,(anonymous_13)
FNDA:2,(anonymous_14)
FNDA:4,(anonymous_16)
FNDA:2,(anonymous_19)
FNDA:2,(anonymous_20)
FNDA:2,(anonymous_22)
FNDA:2,(anonymous_23)
DA:1,2
DA:5,2
DA:7,2
DA:8,1
DA:11,1
DA:15,3
DA:17,2
DA:18,2
DA:20,0
DA:24,2
DA:26,2
DA:27,2
DA:28,0
DA:30,2
DA:32,0
DA:35,2
DA:37,2
DA:39,2
DA:40,0
DA:42,2
DA:44,0
DA:48,1
LF:22
LH:17
BRDA:27,0,0,0
BRDA:27,0,1,2
BRDA:39,1,0,0
BRDA:39,1,1,2
BRF:4
BRH:2
end_of_record
TN:
SF:D:\Puppy Adoption\Puppy-Node\src\test\app.spec.ts
FN:12,(anonymous_1)
FN:13,(anonymous_2)
FN:15,(anonymous_3)
FN:19,(anonymous_4)
FN:21,(anonymous_5)
FN:29,(anonymous_6)
FN:39,(anonymous_7)
FN:41,(anonymous_8)
FN:47,(anonymous_9)
FN:49,(anonymous_10)
FN:57,(anonymous_11)
FN:68,(anonymous_12)
FN:70,(anonymous_13)
FN:76,(anonymous_14)
FN:78,(anonymous_15)
FN:86,(anonymous_16)
FN:91,(anonymous_17)
FN:93,(anonymous_18)
FN:99,(anonymous_19)
FN:101,(anonymous_20)
FNF:20
FNH:20
FNDA:1,(anonymous_1)
FNDA:1,(anonymous_2)
FNDA:1,(anonymous_3)
FNDA:1,(anonymous_4)
FNDA:1,(anonymous_5)
FNDA:1,(anonymous_6)
FNDA:1,(anonymous_7)
FNDA:1,(anonymous_8)
FNDA:1,(anonymous_9)
FNDA:1,(anonymous_10)
FNDA:1,(anonymous_11)
FNDA:1,(anonymous_12)
FNDA:1,(anonymous_13)
FNDA:1,(anonymous_14)
FNDA:1,(anonymous_15)
FNDA:1,(anonymous_16)
FNDA:1,(anonymous_17)
FNDA:1,(anonymous_18)
FNDA:1,(anonymous_19)
FNDA:1,(anonymous_20)
DA:1,1
DA:2,1
DA:3,1
DA:4,1
DA:7,1
DA:8,1
DA:12,1
DA:13,1
DA:14,1
DA:16,1
DA:19,1
DA:20,1
DA:22,1
DA:29,1
DA:33,1
DA:39,1
DA:40,1
DA:42,1
DA:43,1
DA:47,1
DA:48,1
DA:50,1
DA:57,1
DA:61,1
DA:66,1
DA:67,1
DA:68,1
DA:69,1
DA:71,1
DA:72,1
DA:76,1
DA:77,1
DA:79,1
DA:86,1
DA:89,1
DA:91,1
DA:92,1
DA:94,1
DA:95,1
DA:99,1
DA:100,1
DA:102,1
LF:42
LH:42
BRF:0
BRH:0
end_of_record
